Term/Spinner/Color/Beautyfied.pm
constant.pm
Term/ANSIColor.pm
DynaLoader.pm
Getopt/Long.pm
overload.pm
Time/HiRes.pm
PerlIO.pm
File/Spec.pm
POSIX.pm
Encode/Encoding.pm
Encode/Alias.pm
utf8.pm
File/Spec/Unix.pm
vars.pm
Script/Worker.pm
PerlIO/encoding.pm
Encode.pm
bytes.pm
Exporter/Heavy.pm
Cwd.pm
Term/Spinner/Color.pm
Script/Deploy.pm
lib.pm
overloading.pm
Encode/Config.pm
attributes.pm
Script/Output/Terminal.pm
Term/Cap.pm
open.pm
parent.pm
Tie/Hash.pm
warnings/register.pm
Fcntl.pm
Attribute/Handlers.pm
Storable.pm
Carp.pm
FindBin.pm
File/Basename.pm
Config.pm
